#
# A fatal error has been detected by the Java Runtime Environment:
#
#  SIGBUS (0x7) at pc=0x00007f26b9640f2d, pid=22648, tid=0x00007f268d814700
#
# JRE version: OpenJDK Runtime Environment (8.0_121-b13) (build 1.8.0_121-8u121-b13-4-b13)
# Java VM: OpenJDK 64-Bit Server VM (25.121-b13 mixed mode linux-amd64 compressed oops)
# Problematic frame:
# C  [libzip.so+0x4f2d]
#
# Failed to write core dump. Core dumps have been disabled. To enable core dumping, try "ulimit -c unlimited" before starting Java again
#
# If you would like to submit a bug report, please visit:
#   http://bugreport.java.com/bugreport/crash.jsp
# The crash happened outside the Java Virtual Machine in native code.
# See problematic frame for where to report the bug.
#

---------------  T H R E A D  ---------------

Current thread (0x00007f26b5ccd800):  JavaThread "qtp921270604-28" [_thread_in_native, id=22725, stack(0x00007f268d714000,0x00007f268d815000)]

siginfo: si_signo: 7 (SIGBUS), si_code: 2 (BUS_ADRERR), si_addr: 0x00007f268c010ef0

Registers:
RAX=0x00007f2640002910, RBX=0x00007f263cbc7e70, RCX=0x00007f268c010ed2, RDX=0x00007f2640002910
RSP=0x00007f268d810c30, RBP=0x00007f268d810ca0, RSI=0x0000000000000000, RDI=0x0000000000000003
R8 =0x000000004eecb6d3, R9 =0x0000000000000050, R10=0x00007f26a5130918, R11=0x00000000e37f2c30
R12=0x00007f263cbc8038, R13=0x00007f268c010ed2, R14=0x00007f263cbc7e70, R15=0x00007f2640002910
RIP=0x00007f26b9640f2d, EFLAGS=0x0000000000010206, CSGSFS=0x002b000000000033, ERR=0x0000000000000004
  TRAPNO=0x000000000000000e

Top of Stack: (sp=0x00007f268d810c30)
0x00007f268d810c30:   00007f268d810cc0 00007f26bbab1ca7
0x00007f268d810c40:   00007f262e372ed8 0000000100000001
0x00007f268d810c50:   00007f26a4871bc0 00007f26b5ccd800
0x00007f268d810c60:   00007f2600000000 00007f26bb9ed950
0x00007f268d810c70:   0000000000000010 00007f263cbc8030
0x00007f268d810c80:   000000004eecb6d3 00007f268d810d1f
0x00007f268d810c90:   00007f263cbc7e70 00007f263c01b8e0
0x00007f268d810ca0:   00007f268d810cf0 00007f26b9641c64
0x00007f268d810cb0:   00007f268d810d10 00000010005c0600
0x00007f268d810cc0:   00007f268d810cf0 0000000000000010
0x00007f268d810cd0:   00007f26b5ccd9e0 00000000e3296160
0x00007f268d810ce0:   00007f268d811168 00007f263cbc7e70
0x00007f268d810cf0:   00007f268d811150 00007f26b963fbbc
0x00007f268d810d00:   00007f268d810d10 00000000a5045dda
0x00007f268d810d10:   73706f7250636f64 6c6d782e7070612f
0x00007f268d810d20:   00007f26bb78d200 00007f262e2a2970
0x00007f268d810d30:   0000000000000029 00000001005de150
0x00007f268d810d40:   00007f26bcd27330 00007f26bcd40530
0x00007f268d810d50:   00007f26b4eac228 0000000000000000
0x00007f268d810d60:   00007f26bca89201 00007f26bb78d521
0x00007f268d810d70:   00000001005de150 00007f268d811140
0x00007f268d810d80:   00007f26bcd40530 00007f26bcd27330
0x00007f268d810d90:   00007f268d810e00 00007f26bb8f903c
0x00007f268d810da0:   e5585f0100000001 00007f26b4eac978
0x00007f268d810db0:   0000000000000000 00007f26bca8b21f
0x00007f268d810dc0:   0000000000000000 00007f26b4eac250
0x00007f268d810dd0:   00007f26b4eac228 0000000000000095
0x00007f268d810de0:   00007f26bcd40530 00007f26bba3236a
0x00007f268d810df0:   00007f26b4eac200 00007f26b4007aa0
0x00007f268d810e00:   00007f26bc092528 00007f26b5ccd800
0x00007f268d810e10:   00007f268d810e60 00007f26bb9ecb6f
0x00007f268d810e20:   0000000000000000 0000000000000000 

Instructions: (pc=0x00007f26b9640f2d)
0x00007f26b9640f0d:   73 48 48 8b 7b 10 b9 a0 00 00 00 49 8b 14 24 e8
0x00007f26b9640f1d:   af fe ff ff 49 89 c5 4d 85 ed 0f 84 23 03 00 00
0x00007f26b9640f2d:   41 0f b7 45 1e 45 0f b7 75 1c 48 c7 45 c8 00 00
0x00007f26b9640f3d:   00 00 66 89 45 c6 41 0f b7 45 20 4d 89 f4 66 89 

Register to memory mapping:

RAX=0x00007f2640002910 is an unknown value
RBX=0x00007f263cbc7e70 is an unknown value
RCX=0x00007f268c010ed2 is an unknown value
RDX=0x00007f2640002910 is an unknown value
RSP=0x00007f268d810c30 is pointing into the stack for thread: 0x00007f26b5ccd800
RBP=0x00007f268d810ca0 is pointing into the stack for thread: 0x00007f26b5ccd800
RSI=0x0000000000000000 is an unknown value
RDI=0x0000000000000003 is an unknown value
R8 =0x000000004eecb6d3 is an unknown value
R9 =0x0000000000000050 is an unknown value
R10=0x00007f26a5130918 is at entry_point+88 in (nmethod*)0x00007f26a5130750
R11=0x00000000e37f2c30 is an oop
